ERROR:root:Failed phdfinder.scraping.universities.ethz
Traceback (most recent call last):
  File "/home/vejas/PycharmProjects/PhD_Positions/src/phdfinder/scraping/runner.py", line 36, in run_all_scrapers
    scraper_fn()
  File "/home/vejas/PycharmProjects/PhD_Positions/src/phdfinder/scraping/universities/ethz.py", line 36, in run
    soup = bs4.BeautifulSoup(driver_pg.page_source, "html.parser")
                             ^^^^^^^^^^^^^^^^^^^^^
AttributeError: 'NoneType' object has no attribute 'page_source'
2025-05-18 11:31:32,243 [ERROR] Failed phdfinder.scraping.universities.ethz
Traceback (most recent call last):
  File "/home/vejas/PycharmProjects/PhD_Positions/src/phdfinder/scraping/runner.py", line 45, in run_all_scrapers
    scraper_fn()
  File "/home/vejas/PycharmProjects/PhD_Positions/src/phdfinder/scraping/universities/ethz.py", line 36, in run
    soup = bs4.BeautifulSoup(driver_pg.page_source, "html.parser")
                             ^^^^^^^^^^^^^^^^^^^^^
AttributeError: 'NoneType' object has no attribute 'page_source'
2025-05-18 11:51:42,326 [ERROR] Failed phdfinder.scraping.universities.ethz
Traceback (most recent call last):
  File "/home/vejas/PycharmProjects/PhD_Positions/src/phdfinder/scraping/runner.py", line 45, in run_all_scrapers
    scraper_fn()
  File "/home/vejas/PycharmProjects/PhD_Positions/src/phdfinder/scraping/universities/ethz.py", line 36, in run
    soup = bs4.BeautifulSoup(driver_pg.page_source, "html.parser")
                             ^^^^^^^^^^^^^^^^^^^^^
AttributeError: 'NoneType' object has no attribute 'page_source'
